********************************************************************************
DUPLICATOR-LITE PACKAGE-LOG: September 25, 2023 7:01 pm
NOTICE: Do NOT post to public sites or forums 
********************************************************************************
VERSION:	1.5.6
WORDPRESS:	6.1.1
PHP INFO:	8.2.5 | SAPI: litespeed
SERVER:		LiteSpeed 
PHP TIME LIMIT: (0) no time limit imposed 
PHP MAX MEMORY: 4294967296 (2048M default) 
MEMORY STACK: 18MB

********************************************************************************
DATABASE:
********************************************************************************
BUILD MODE:   MYSQLDUMP
MYSQLTIMEOUT: 5000
MYSQLDUMP:    Is Supported
SQL CREATED: 20230925_referralprogram_0d996b6446ffbe2a8862_20230925190128_database.sql
SQL FILE SIZE: 11.01MB (11540320)
SQL FILE TIME: 2023-09-25 19:01:36
SQL RUNTIME: 0.49 sec.

********************************************************************************
ARCHIVE (ZIP):
********************************************************************************
ARCHIVE DIR:  /home/u966590352/domains/ensolarusa.com/public_html/rp
ARCHIVE FILE: 20230925_referralprogram_0d996b6446ffbe2a8862_20230925190128_archive.zip
FILTERS: *OFF*
DIRS:
	not set
FILES:
	not set
EXTS:  not set
----------------------------------------
COMPRESSING
SIZE:	218.14MB
STATS:	Dirs 3,494 | Files 18,162
SQL ADDED: 20230925_referralprogram_0d996b6446ffbe2a8862_20230925190128_database.sql
ZipArchive Object
(
    [lastId] => 21655
    [status] => 0
    [statusSys] => 0
    [numFiles] => 21656
    [filename] => /home/u966590352/domains/ensolarusa.com/public_html/rp/wp-content/backups-dup-lite/tmp/20230925_referralprogram_0d996b6446ffbe2a8862_20230925190128_archive.zip
    [comment] => 
)

FILE ADDED TO ZIP: 21655
COMPRESSION RESULT: '1'
COMPRESSED SIZE: 68.14MB
ARCHIVE RUNTIME: 21.89 sec.
MEMORY STACK: 43.31MB
building installer
ARCHIVE CONSISTENCY TEST: PASS

********************************************************************************
INTEGRITY CHECKS:
********************************************************************************
SQL FILE: 11.01MB
INSTALLER FILE: 73.48KB
ARCHIVE FILE: 70.26MB 
EXPECTED FILE/DIRECTORY COUNT: 21,656
ACTUAL FILE/DIRECTORY COUNT: 21,655
ARCHIVE CONSISTENCY TEST: Pass

********************************************************************************
RECORD ID:[1]
TOTAL PROCESS RUNTIME: 25.18 sec.
PEAK PHP MEMORY USED: 47.31MB
DONE PROCESSING => 20230925_referralprogram September 25, 2023 7:02 pm

